Using pre-set license
Built from '2020.3/staging' branch; Version is '2020.3.25f1 (9b9180224418) revision 10195328'; Using compiler version '192528614'; Build Type 'Release'
OS: 'Windows 10  (10.0.19042) 64bit Core' Language: 'en' Physical Memory: 16308 MB
BatchMode: 1, IsHumanControllingUs: 0, StartBugReporterOnCrash: 0, Is64bit: 1, IsPro: 0

COMMAND LINE ARGUMENTS:
C:\Program Files\Unity\Hub\Editor\2020.3.25f1\Editor\Unity.exe
-adb2
-batchMode
-noUpm
-name
AssetImportWorker0
-projectPath
J:/Unity Projects/VGP123_A1_Pascal_Evan
-logFile
Logs/AssetImportWorker0.log
-srvPort
51695
Successfully changed project path to: J:/Unity Projects/VGP123_A1_Pascal_Evan
J:/Unity Projects/VGP123_A1_Pascal_Evan
Using Asset Import Pipeline V2.
Refreshing native plugins compatible for Editor in 38.32 ms, found 3 plugins.
Preloading 0 native plugins for Editor in 0.00 ms.
Initialize engine version: 2020.3.25f1 (9b9180224418)
[Subsystems] Discovering subsystems at path C:/Program Files/Unity/Hub/Editor/2020.3.25f1/Editor/Data/Resources/UnitySubsystems
[Subsystems] Discovering subsystems at path J:/Unity Projects/VGP123_A1_Pascal_Evan/Assets
GfxDevice: creating device client; threaded=0
Direct3D:
    Version:  Direct3D 11.0 [level 11.1]
    Renderer: NVIDIA GeForce GTX 1060 6GB (ID=0x1c03)
    Vendor:   
    VRAM:     6052 MB
    Driver:   30.0.14.9729
Initialize mono
Mono path[0] = 'C:/Program Files/Unity/Hub/Editor/2020.3.25f1/Editor/Data/Managed'
Mono path[1] = 'C:/Program Files/Unity/Hub/Editor/2020.3.25f1/Editor/Data/MonoBleedingEdge/lib/mono/unityjit'
Mono config path = 'C:/Program Files/Unity/Hub/Editor/2020.3.25f1/Editor/Data/MonoBleedingEdge/etc'
Using monoOptions --debugger-agent=transport=dt_socket,embedding=1,server=y,suspend=n,address=127.0.0.1:56928
Begin MonoManager ReloadAssembly
Registering precompiled unity dll's ...
Register platform support module: C:/Program Files/Unity/Hub/Editor/2020.3.25f1/Editor/Data/PlaybackEngines/WebGLSupport/UnityEditor.WebGL.Extensions.dll
Register platform support module: C:/Program Files/Unity/Hub/Editor/2020.3.25f1/Editor/Data/PlaybackEngines/WindowsStandaloneSupport/UnityEditor.WindowsStandalone.Extensions.dll
Registered in 0.002016 seconds.
Native extension for WindowsStandalone target not found
Native extension for WebGL target not found
Refreshing native plugins compatible for Editor in 36.05 ms, found 3 plugins.
Preloading 0 native plugins for Editor in 0.00 ms.
Mono: successfully reloaded assembly
- Completed reload, in  0.494 seconds
Domain Reload Profiling:
	ReloadAssembly (495ms)
		BeginReloadAssembly (45ms)
			ExecutionOrderSort (0ms)
			DisableScriptedObjects (0ms)
			BackupInstance (0ms)
			ReleaseScriptingObjects (0ms)
			CreateAndSetChildDomain (1ms)
		EndReloadAssembly (389ms)
			LoadAssemblies (43ms)
			RebuildTransferFunctionScriptingTraits (0ms)
			SetupTypeCache (139ms)
			ReleaseScriptCaches (0ms)
			RebuildScriptCaches (25ms)
			SetupLoadedEditorAssemblies (142ms)
				LogAssemblyErrors (0ms)
				InitializePlatformSupportModulesInManaged (5ms)
				SetLoadedEditorAssemblies (0ms)
				RefreshPlugins (36ms)
				BeforeProcessingInitializeOnLoad (14ms)
				ProcessInitializeOnLoadAttributes (65ms)
				ProcessInitializeOnLoadMethodAttributes (22ms)
				AfterProcessingInitializeOnLoad (0ms)
				EditorAssembliesLoaded (0ms)
			ExecutionOrderSort2 (0ms)
			AwakeInstancesAfterBackupRestoration (0ms)
Platform modules already initialized, skipping
Registering precompiled user dll's ...
Registered in 0.002696 seconds.
Begin MonoManager ReloadAssembly
Native extension for WindowsStandalone target not found
Native extension for WebGL target not found
Refreshing native plugins compatible for Editor in 36.67 ms, found 3 plugins.
Preloading 0 native plugins for Editor in 0.00 ms.
Mono: successfully reloaded assembly
- Completed reload, in  0.923 seconds
Domain Reload Profiling:
	ReloadAssembly (923ms)
		BeginReloadAssembly (117ms)
			ExecutionOrderSort (0ms)
			DisableScriptedObjects (4ms)
			BackupInstance (0ms)
			ReleaseScriptingObjects (0ms)
			CreateAndSetChildDomain (15ms)
		EndReloadAssembly (754ms)
			LoadAssemblies (74ms)
			RebuildTransferFunctionScriptingTraits (0ms)
			SetupTypeCache (251ms)
			ReleaseScriptCaches (0ms)
			RebuildScriptCaches (41ms)
			SetupLoadedEditorAssemblies (288ms)
				LogAssemblyErrors (0ms)
				InitializePlatformSupportModulesInManaged (4ms)
				SetLoadedEditorAssemblies (0ms)
				RefreshPlugins (37ms)
				BeforeProcessingInitializeOnLoad (69ms)
				ProcessInitializeOnLoadAttributes (160ms)
				ProcessInitializeOnLoadMethodAttributes (12ms)
				AfterProcessingInitializeOnLoad (6ms)
				EditorAssembliesLoaded (0ms)
			ExecutionOrderSort2 (0ms)
			AwakeInstancesAfterBackupRestoration (5ms)
Platform modules already initialized, skipping
========================================================================
Worker process is ready to serve import requests
Launched and connected shader compiler UnityShaderCompiler.exe after 0.04 seconds
Refreshing native plugins compatible for Editor in 0.55 ms, found 3 plugins.
Preloading 0 native plugins for Editor in 0.00 ms.
Unloading 2194 Unused Serialized files (Serialized files now loaded: 0)
System memory in use before: 95.8 MB.
System memory in use after: 95.9 MB.

Unloading 28 unused Assets to reduce memory usage. Loaded Objects now: 2627.
Total: 2.952500 ms (FindLiveObjects: 0.134900 ms CreateObjectMapping: 0.063800 ms MarkObjects: 2.696000 ms  DeleteObjects: 0.057000 ms)

AssetImportParameters requested are different than current active one (requested -> active):
  custom:framework-win-MediaFoundation: 216162199b28c13a410421893ffa2e32 -> 
  custom:video-decoder-ogg-theora: a1e56fd34408186e4bbccfd4996cb3dc -> 
  custom:container-muxer-webm: aa71ff27fc2769a1b78a27578f13a17b -> 
  custom:container-demuxer-webm: 4f35f7cbe854078d1ac9338744f61a02 -> 
  custom:container-demuxer-ogg: 62fdf1f143b41e24485cea50d1cbac27 -> 
  custom:video-encoder-webm-vp8: eb34c28f22e8b96e1ab97ce403110664 -> 
  custom:video-codec-MediaFoundation-h265: 746d11721c4dcdbdad8f713fa42b33f4 -> 
  custom:video-decoder-webm-vp8: 9c59270c3fd7afecdb556c50c9e8de78 -> 
  custom:audio-decoder-ogg-vorbis: bf7c407c2cedff20999df2af8eb42d56 -> 
  custom:audio-encoder-webm-vorbis: bf7c407c2cedff20999df2af8eb42d56 -> 
========================================================================
Received Import Request.
  path: Assets
  artifactKey: Guid(00000000000000001000000000000000) Importer(815301076,1909f56bfc062723c751e8b465ee728b)
Start importing Assets using Guid(00000000000000001000000000000000) Importer(815301076,1909f56bfc062723c751e8b465ee728b)  -> (artifact id: '42d402b061de3733987d63b9cc3b64de') in 0.025876 seconds 
  Import took 0.030957 seconds .

========================================================================
Received Import Request.
  Time since last request: 2.451684 seconds.
  path: Assets/Material
  artifactKey: Guid(cb477ac959dc05844956e6f6ee06be7c) Importer(815301076,1909f56bfc062723c751e8b465ee728b)
Start importing Assets/Material using Guid(cb477ac959dc05844956e6f6ee06be7c) Importer(815301076,1909f56bfc062723c751e8b465ee728b)  -> (artifact id: 'cb12a2c672f4e925f638ab4197bc9458') in 0.026104 seconds 
  Import took 0.031004 seconds .

========================================================================
Received Import Request.
  Time since last request: 6.028764 seconds.
  path: Assets/Materials
  artifactKey: Guid(cb477ac959dc05844956e6f6ee06be7c) Importer(815301076,1909f56bfc062723c751e8b465ee728b)
Start importing Assets/Materials using Guid(cb477ac959dc05844956e6f6ee06be7c) Importer(815301076,1909f56bfc062723c751e8b465ee728b)  -> (artifact id: '29071352f3536d9ddc699c76277fd851') in 0.024976 seconds 
  Import took 0.029569 seconds .

========================================================================
Received Import Request.
  Time since last request: 4.790508 seconds.
  path: Assets/Prefabs
  artifactKey: Guid(20420db994661a143b68ccb51978b8a9) Importer(815301076,1909f56bfc062723c751e8b465ee728b)
Start importing Assets/Prefabs using Guid(20420db994661a143b68ccb51978b8a9) Importer(815301076,1909f56bfc062723c751e8b465ee728b)  -> (artifact id: '5e5c0c5f0577af40721dd71a88454347') in 0.025941 seconds 
  Import took 0.029929 seconds .

========================================================================
Received Import Request.
  Time since last request: 6.371576 seconds.
  path: Assets/Scripts
  artifactKey: Guid(0a1de63521da9264ca4a02d1fb94c304) Importer(815301076,1909f56bfc062723c751e8b465ee728b)
Start importing Assets/Scripts using Guid(0a1de63521da9264ca4a02d1fb94c304) Importer(815301076,1909f56bfc062723c751e8b465ee728b)  -> (artifact id: 'dbe9ee9c6c297976ebc140a54963fa36') in 0.024351 seconds 
  Import took 0.029090 seconds .

========================================================================
Received Import Request.
  Time since last request: 27.668589 seconds.
  path: Assets/Sprits
  artifactKey: Guid(1431a9707a5677b4dbce0fd75997ba14) Importer(815301076,1909f56bfc062723c751e8b465ee728b)
Start importing Assets/Sprits using Guid(1431a9707a5677b4dbce0fd75997ba14) Importer(815301076,1909f56bfc062723c751e8b465ee728b)  -> (artifact id: 'b4eab63dea87c2cb1c1831d702167222') in 0.024264 seconds 
  Import took 0.028487 seconds .

========================================================================
Received Import Request.
  Time since last request: 5.273153 seconds.
  path: Assets/Sprites
  artifactKey: Guid(1431a9707a5677b4dbce0fd75997ba14) Importer(815301076,1909f56bfc062723c751e8b465ee728b)
Start importing Assets/Sprites using Guid(1431a9707a5677b4dbce0fd75997ba14) Importer(815301076,1909f56bfc062723c751e8b465ee728b)  -> (artifact id: '2547d1a32dd84f2309cbb6478ab7c35d') in 0.026643 seconds 
  Import took 0.031392 seconds .

========================================================================
Received Import Request.
  Time since last request: 7.888509 seconds.
  path: Assets/Sprites/Player
  artifactKey: Guid(bc15702435ed6e44eacbd78ee8fd1c38) Importer(815301076,1909f56bfc062723c751e8b465ee728b)
Start importing Assets/Sprites/Player using Guid(bc15702435ed6e44eacbd78ee8fd1c38) Importer(815301076,1909f56bfc062723c751e8b465ee728b)  -> (artifact id: '00b0dc2dcfd124206910290099489034') in 0.026457 seconds 
  Import took 0.029931 seconds .

========================================================================
Received Import Request.
  Time since last request: 6.226807 seconds.
  path: Assets/Sprites/Enemies
  artifactKey: Guid(f2af9122e48dee94593aee8873e37d35) Importer(815301076,1909f56bfc062723c751e8b465ee728b)
Start importing Assets/Sprites/Enemies using Guid(f2af9122e48dee94593aee8873e37d35) Importer(815301076,1909f56bfc062723c751e8b465ee728b)  -> (artifact id: 'b8955dd48e431b04205893c5511d0f34') in 0.025005 seconds 
  Import took 0.028500 seconds .

========================================================================
Received Import Request.
  Time since last request: 5.999059 seconds.
  path: Assets/Sprites/Background
  artifactKey: Guid(b7ff0522c67e1764f81856b13ee64974) Importer(815301076,1909f56bfc062723c751e8b465ee728b)
Start importing Assets/Sprites/Background using Guid(b7ff0522c67e1764f81856b13ee64974) Importer(815301076,1909f56bfc062723c751e8b465ee728b)  -> (artifact id: 'e3f496e25138ec6398b7567f4af585a4') in 0.024430 seconds 
  Import took 0.027186 seconds .

========================================================================
Received Import Request.
  Time since last request: 4.220324 seconds.
  path: Assets/Sprites/Misc
  artifactKey: Guid(894d2a7dfe7c87042b5fd718d33f6e95) Importer(815301076,1909f56bfc062723c751e8b465ee728b)
Start importing Assets/Sprites/Misc using Guid(894d2a7dfe7c87042b5fd718d33f6e95) Importer(815301076,1909f56bfc062723c751e8b465ee728b)  -> (artifact id: 'ce031ecd1eb1f513e7a15c59a872bca9') in 0.025125 seconds 
  Import took 0.028680 seconds .

========================================================================
Received Import Request.
  Time since last request: 20.903622 seconds.
  path: Assets/Scripts/Misc
  artifactKey: Guid(902ea3317e2b1fc4d9ff82223dca87fd) Importer(815301076,1909f56bfc062723c751e8b465ee728b)
Start importing Assets/Scripts/Misc using Guid(902ea3317e2b1fc4d9ff82223dca87fd) Importer(815301076,1909f56bfc062723c751e8b465ee728b)  -> (artifact id: 'a5b3421595f79a0f3d51409ca59b7f84') in 0.024948 seconds 
  Import took 0.028510 seconds .

========================================================================
Received Import Request.
  Time since last request: 5.265796 seconds.
  path: Assets/Scripts/Player
  artifactKey: Guid(78516b672b035614fbfaaa4884391c21) Importer(815301076,1909f56bfc062723c751e8b465ee728b)
Start importing Assets/Scripts/Player using Guid(78516b672b035614fbfaaa4884391c21) Importer(815301076,1909f56bfc062723c751e8b465ee728b)  -> (artifact id: '47c7197f1049902585fb3d12ce802add') in 0.025622 seconds 
  Import took 0.028336 seconds .

========================================================================
Received Import Request.
  Time since last request: 4.299703 seconds.
  path: Assets/Scripts/Enemies
  artifactKey: Guid(745a8b89ad9139146917a329cc37d3b8) Importer(815301076,1909f56bfc062723c751e8b465ee728b)
Start importing Assets/Scripts/Enemies using Guid(745a8b89ad9139146917a329cc37d3b8) Importer(815301076,1909f56bfc062723c751e8b465ee728b)  -> (artifact id: '9cf1a0cdb617d8eaeff2629d6e89944b') in 0.024634 seconds 
  Import took 0.029109 seconds .

========================================================================
Received Import Request.
  Time since last request: 308.903829 seconds.
  path: Assets/Sprites/NES - Castlevania - Bosses(1).png
  artifactKey: Guid(71858927faef1d541b4cb0a366334ecd) Importer(815301076,1909f56bfc062723c751e8b465ee728b)
Start importing Assets/Sprites/NES - Castlevania - Bosses(1).png using Guid(71858927faef1d541b4cb0a366334ecd) Importer(815301076,1909f56bfc062723c751e8b465ee728b)  -> (artifact id: '3763eda7891fed2d19231f5fa1b75190') in 0.144884 seconds 
  Import took 0.149014 seconds .

========================================================================
Received Import Request.
  Time since last request: 2.340240 seconds.
  path: Assets/Sprites/NES - Castlevania - Enemies(1).png
  artifactKey: Guid(3ddb1fba6d7e2dd45a884625abf9fa17) Importer(815301076,1909f56bfc062723c751e8b465ee728b)
Start importing Assets/Sprites/NES - Castlevania - Enemies(1).png using Guid(3ddb1fba6d7e2dd45a884625abf9fa17) Importer(815301076,1909f56bfc062723c751e8b465ee728b)  -> (artifact id: 'cf5b516a5c5f94e522e4c841d118f5ec') in 0.041505 seconds 
  Import took 0.045256 seconds .

========================================================================
Received Import Request.
  Time since last request: 27.383489 seconds.
  path: Assets/Sprites/Player/NES - Castlevania - Simon Belmont(1).png
  artifactKey: Guid(57f3eb7c4df3f0c49a0e680d8df1a06e) Importer(815301076,1909f56bfc062723c751e8b465ee728b)
Start importing Assets/Sprites/Player/NES - Castlevania - Simon Belmont(1).png using Guid(57f3eb7c4df3f0c49a0e680d8df1a06e) Importer(815301076,1909f56bfc062723c751e8b465ee728b)  -> (artifact id: 'efdba2fe1601c07fca199f4a42f31ea2') in 0.045815 seconds 
  Import took 0.049065 seconds .

========================================================================
Received Import Request.
  Time since last request: 12.149822 seconds.
  path: Assets/Sprites/Background/NES - Castlevania - Level 1 Entrance(1).png
  artifactKey: Guid(1be75c80d66a45446ae2d0f1b127f20a) Importer(815301076,1909f56bfc062723c751e8b465ee728b)
Start importing Assets/Sprites/Background/NES - Castlevania - Level 1 Entrance(1).png using Guid(1be75c80d66a45446ae2d0f1b127f20a) Importer(815301076,1909f56bfc062723c751e8b465ee728b)  -> (artifact id: '780ee11b57e0aa0b6d8f0d2f7f1923ce') in 0.041498 seconds 
  Import took 0.044469 seconds .

========================================================================
Received Import Request.
  Time since last request: 43.852418 seconds.
  path: Assets/Sprites/Background/NES - Castlevania - Level 1 Entrance(1).png
  artifactKey: Guid(1be75c80d66a45446ae2d0f1b127f20a) Importer(815301076,1909f56bfc062723c751e8b465ee728b)
Start importing Assets/Sprites/Background/NES - Castlevania - Level 1 Entrance(1).png using Guid(1be75c80d66a45446ae2d0f1b127f20a) Importer(815301076,1909f56bfc062723c751e8b465ee728b)  -> (artifact id: '3fa7f55b19cc74f157101b3554227009') in 0.038120 seconds 
  Import took 0.040770 seconds .

========================================================================
Received Import Request.
  Time since last request: 17.919676 seconds.
  path: Assets/Sprites/Background/NES - Castlevania - Level 1 Entrance(1).png
  artifactKey: Guid(1be75c80d66a45446ae2d0f1b127f20a) Importer(815301076,1909f56bfc062723c751e8b465ee728b)
Start importing Assets/Sprites/Background/NES - Castlevania - Level 1 Entrance(1).png using Guid(1be75c80d66a45446ae2d0f1b127f20a) Importer(815301076,1909f56bfc062723c751e8b465ee728b)  -> (artifact id: '8cff7e99a6fa4675e0136a6365666460') in 0.046415 seconds 
  Import took 0.050508 seconds .

========================================================================
Received Import Request.
  Time since last request: 28.670696 seconds.
  path: Assets/Sprites/Background/NES - Castlevania - Level 1 Entrance(1).png
  artifactKey: Guid(1be75c80d66a45446ae2d0f1b127f20a) Importer(815301076,1909f56bfc062723c751e8b465ee728b)
Start importing Assets/Sprites/Background/NES - Castlevania - Level 1 Entrance(1).png using Guid(1be75c80d66a45446ae2d0f1b127f20a) Importer(815301076,1909f56bfc062723c751e8b465ee728b)  -> (artifact id: 'f89f783668aff3f162f262ddf9978e82') in 0.036691 seconds 
  Import took 0.040793 seconds .

========================================================================
Received Import Request.
  Time since last request: 19.896460 seconds.
  path: Assets/Sprites/Background/NES - Castlevania - Level 1 Entrance(1).png
  artifactKey: Guid(1be75c80d66a45446ae2d0f1b127f20a) Importer(815301076,1909f56bfc062723c751e8b465ee728b)
Start importing Assets/Sprites/Background/NES - Castlevania - Level 1 Entrance(1).png using Guid(1be75c80d66a45446ae2d0f1b127f20a) Importer(815301076,1909f56bfc062723c751e8b465ee728b)  -> (artifact id: '9188d6110823414b9df5881da3c20d68') in 0.037927 seconds 
  Import took 0.041738 seconds .

========================================================================
Received Import Request.
  Time since last request: 41.655812 seconds.
  path: Assets/Sprites/Background/NES - Castlevania - Level 1 Entrance(1).png
  artifactKey: Guid(1be75c80d66a45446ae2d0f1b127f20a) Importer(815301076,1909f56bfc062723c751e8b465ee728b)
Start importing Assets/Sprites/Background/NES - Castlevania - Level 1 Entrance(1).png using Guid(1be75c80d66a45446ae2d0f1b127f20a) Importer(815301076,1909f56bfc062723c751e8b465ee728b)  -> (artifact id: 'de13d43ff7b116fa2b14e1e2fb6af6ef') in 0.033419 seconds 
  Import took 0.036615 seconds .

========================================================================
Received Import Request.
  Time since last request: 288.517259 seconds.
  path: Assets/Sprites/Background/NES - Castlevania - Level 1 Entrance(1).png
  artifactKey: Guid(1be75c80d66a45446ae2d0f1b127f20a) Importer(815301076,1909f56bfc062723c751e8b465ee728b)
Start importing Assets/Sprites/Background/NES - Castlevania - Level 1 Entrance(1).png using Guid(1be75c80d66a45446ae2d0f1b127f20a) Importer(815301076,1909f56bfc062723c751e8b465ee728b)  -> (artifact id: 'ff595e54eaa169068611af472b820080') in 0.051731 seconds 
  Import took 0.055938 seconds .

========================================================================
Received Import Request.
  Time since last request: 96.531615 seconds.
  path: Assets/Scenes
  artifactKey: Guid(1069e02a74a43d74fa4a06c84cff2b7a) Importer(815301076,1909f56bfc062723c751e8b465ee728b)
Start importing Assets/Scenes using Guid(1069e02a74a43d74fa4a06c84cff2b7a) Importer(815301076,1909f56bfc062723c751e8b465ee728b)  -> (artifact id: '7ea91750550924708db861703d7bb27d') in 0.028536 seconds 
  Import took 0.031380 seconds .

========================================================================
Received Import Request.
  Time since last request: 13.799915 seconds.
  path: Assets/Scenes/Level1.unity
  artifactKey: Guid(e86fab0bcd3b9884a892d6daab7e83b9) Importer(815301076,1909f56bfc062723c751e8b465ee728b)
Start importing Assets/Scenes/Level1.unity using Guid(e86fab0bcd3b9884a892d6daab7e83b9) Importer(815301076,1909f56bfc062723c751e8b465ee728b)  -> (artifact id: '12ee4c13873637a2d8e09956b68256d5') in 0.025965 seconds 
  Import took 0.029661 seconds .

========================================================================
Received Import Request.
  Time since last request: 1.534292 seconds.
  path: Assets/Scenes/SampleScene.unity
  artifactKey: Guid(2cda990e2423bbf4892e6590ba056729) Importer(815301076,1909f56bfc062723c751e8b465ee728b)
Start importing Assets/Scenes/SampleScene.unity using Guid(2cda990e2423bbf4892e6590ba056729) Importer(815301076,1909f56bfc062723c751e8b465ee728b)  -> (artifact id: 'aa27944bdea339c97c39027c7eea529c') in 0.027668 seconds 
  Import took 0.030893 seconds .

========================================================================
Received Import Request.
  Time since last request: 18.160129 seconds.
  path: Assets/Scenes/StartLevel.unity
  artifactKey: Guid(2cda990e2423bbf4892e6590ba056729) Importer(815301076,1909f56bfc062723c751e8b465ee728b)
Start importing Assets/Scenes/StartLevel.unity using Guid(2cda990e2423bbf4892e6590ba056729) Importer(815301076,1909f56bfc062723c751e8b465ee728b)  -> (artifact id: 'cfa336aea2a3edaca9207d711cb3d6d7') in 0.032974 seconds 
  Import took 0.036176 seconds .

========================================================================
Received Import Request.
  Time since last request: 51.731863 seconds.
  path: ProjectSettings/TagManager.asset
  artifactKey: Guid(00000000000000003000000000000000) Importer(815301076,1909f56bfc062723c751e8b465ee728b)
Start importing ProjectSettings/TagManager.asset using Guid(00000000000000003000000000000000) Importer(815301076,1909f56bfc062723c751e8b465ee728b)  -> (artifact id: '95df672b4aaba54310d34c83eef51bb8') in 0.031441 seconds 
  Import took 0.034374 seconds .

========================================================================
Received Import Request.
  Time since last request: 1903.322929 seconds.
  path: Assets/Sprites/Player/NES - Castlevania - Simon Belmont(1).png
  artifactKey: Guid(57f3eb7c4df3f0c49a0e680d8df1a06e) Importer(815301076,1909f56bfc062723c751e8b465ee728b)
Start importing Assets/Sprites/Player/NES - Castlevania - Simon Belmont(1).png using Guid(57f3eb7c4df3f0c49a0e680d8df1a06e) Importer(815301076,1909f56bfc062723c751e8b465ee728b)  -> (artifact id: '15a8c1d058d1427ebe30b85a39933a6a') in 0.044850 seconds 
  Import took 0.051683 seconds .

========================================================================
Received Import Request.
  Time since last request: 42.985169 seconds.
  path: Assets/Sprites/Player/NES - Castlevania - Simon Belmont(1).png
  artifactKey: Guid(57f3eb7c4df3f0c49a0e680d8df1a06e) Importer(815301076,1909f56bfc062723c751e8b465ee728b)
Start importing Assets/Sprites/Player/NES - Castlevania - Simon Belmont(1).png using Guid(57f3eb7c4df3f0c49a0e680d8df1a06e) Importer(815301076,1909f56bfc062723c751e8b465ee728b)  -> (artifact id: 'de59083993d8f993494e18b73d99ea4b') in 0.060772 seconds 
  Import took 0.064439 seconds .

========================================================================
Received Import Request.
  Time since last request: 6253.971556 seconds.
  path: Assets/Sprites/Background/NES - Castlevania - Title Screen(1).png
  artifactKey: Guid(6ec14a4336cc5dd4f931913994e7c28b) Importer(815301076,1909f56bfc062723c751e8b465ee728b)
Start importing Assets/Sprites/Background/NES - Castlevania - Title Screen(1).png using Guid(6ec14a4336cc5dd4f931913994e7c28b) Importer(815301076,1909f56bfc062723c751e8b465ee728b)  -> (artifact id: 'c7d6ac0593b714d370571f98440ba67c') in 0.068966 seconds 
  Import took 0.074101 seconds .

========================================================================
Received Import Request.
  Time since last request: 4.806918 seconds.
  path: Assets/Sprites/Enemies/NES - Castlevania - Bosses(1).png
  artifactKey: Guid(6f088c020725bbd4e8ecc120a09ab0d3) Importer(815301076,1909f56bfc062723c751e8b465ee728b)
Start importing Assets/Sprites/Enemies/NES - Castlevania - Bosses(1).png using Guid(6f088c020725bbd4e8ecc120a09ab0d3) Importer(815301076,1909f56bfc062723c751e8b465ee728b)  -> (artifact id: 'd4fc5dd6c5bedf3f16f99352aea58d41') in 0.038405 seconds 
  Import took 0.041729 seconds .

========================================================================
Received Import Request.
  Time since last request: 1.244546 seconds.
  path: Assets/Sprites/Enemies/NES - Castlevania - Enemies(1).png
  artifactKey: Guid(fc55eae34eb89b541ba4b9dd84f173d2) Importer(815301076,1909f56bfc062723c751e8b465ee728b)
Start importing Assets/Sprites/Enemies/NES - Castlevania - Enemies(1).png using Guid(fc55eae34eb89b541ba4b9dd84f173d2) Importer(815301076,1909f56bfc062723c751e8b465ee728b)  -> (artifact id: '9d387d97430031b819182febfc1f01ba') in 0.038789 seconds 
  Import took 0.042790 seconds .

========================================================================
Received Import Request.
  Time since last request: 3.570647 seconds.
  path: Assets/Sprites/Misc/NES - Castlevania - Items & Objects(1).png
  artifactKey: Guid(e6176ef4d825ab54da8e4220e0e7f711) Importer(815301076,1909f56bfc062723c751e8b465ee728b)
Start importing Assets/Sprites/Misc/NES - Castlevania - Items & Objects(1).png using Guid(e6176ef4d825ab54da8e4220e0e7f711) Importer(815301076,1909f56bfc062723c751e8b465ee728b)  -> (artifact id: 'c876c0a2b9a9cf57e821ac4ee7bec40c') in 0.041311 seconds 
  Import took 0.046222 seconds .

========================================================================
Received Import Request.
  Time since last request: 27.277768 seconds.
  path: Assets/Sprites/Background/NES - Castlevania - Level 1 Entrance(1).png
  artifactKey: Guid(1be75c80d66a45446ae2d0f1b127f20a) Importer(815301076,1909f56bfc062723c751e8b465ee728b)
Start importing Assets/Sprites/Background/NES - Castlevania - Level 1 Entrance(1).png using Guid(1be75c80d66a45446ae2d0f1b127f20a) Importer(815301076,1909f56bfc062723c751e8b465ee728b)  -> (artifact id: '486a4d92dc23ec05ffcb2d58ed35a525') in 0.040266 seconds 
  Import took 0.043757 seconds .

========================================================================
Received Import Request.
  Time since last request: 11.418489 seconds.
  path: Assets/Sprites/Background/NES - Castlevania - Level 1 Entrance(1).png
  artifactKey: Guid(1be75c80d66a45446ae2d0f1b127f20a) Importer(815301076,1909f56bfc062723c751e8b465ee728b)
Start importing Assets/Sprites/Background/NES - Castlevania - Level 1 Entrance(1).png using Guid(1be75c80d66a45446ae2d0f1b127f20a) Importer(815301076,1909f56bfc062723c751e8b465ee728b)  -> (artifact id: 'a4bba7db85b98353d41b38248c2c93b9') in 0.039686 seconds 
  Import took 0.043494 seconds .

========================================================================
Received Import Request.
  Time since last request: 6.066950 seconds.
  path: Assets/Sprites/Background/NES - Castlevania - Level 1 Entrance(1).png
  artifactKey: Guid(1be75c80d66a45446ae2d0f1b127f20a) Importer(815301076,1909f56bfc062723c751e8b465ee728b)
Start importing Assets/Sprites/Background/NES - Castlevania - Level 1 Entrance(1).png using Guid(1be75c80d66a45446ae2d0f1b127f20a) Importer(815301076,1909f56bfc062723c751e8b465ee728b)  -> (artifact id: '8be780aeb6e0d46079c3a93d3173b5ee') in 0.032859 seconds 
  Import took 0.039085 seconds .

========================================================================
Received Import Request.
  Time since last request: 330.216664 seconds.
  path: Assets/Sprites/Background/NES - Castlevania - Level 1 Entrance(1).png
  artifactKey: Guid(1be75c80d66a45446ae2d0f1b127f20a) Importer(815301076,1909f56bfc062723c751e8b465ee728b)
Start importing Assets/Sprites/Background/NES - Castlevania - Level 1 Entrance(1).png using Guid(1be75c80d66a45446ae2d0f1b127f20a) Importer(815301076,1909f56bfc062723c751e8b465ee728b)  -> (artifact id: '4605a934725a2f02f23e520e04f75552') in 0.051511 seconds 
  Import took 0.056374 seconds .

========================================================================
Received Import Request.
  Time since last request: 33.757258 seconds.
  path: Assets/Sprites/Background/NES - Castlevania - Level 1 Entrance(1).png
  artifactKey: Guid(1be75c80d66a45446ae2d0f1b127f20a) Importer(815301076,1909f56bfc062723c751e8b465ee728b)
Start importing Assets/Sprites/Background/NES - Castlevania - Level 1 Entrance(1).png using Guid(1be75c80d66a45446ae2d0f1b127f20a) Importer(815301076,1909f56bfc062723c751e8b465ee728b)  -> (artifact id: 'b3242c42147ad8b23a49753c1662333a') in 0.098595 seconds 
  Import took 0.103335 seconds .

========================================================================
Received Import Request.
  Time since last request: 35.043585 seconds.
  path: Assets/Sprites/Background/NES - Castlevania - Level 1 Entrance(1).png
  artifactKey: Guid(1be75c80d66a45446ae2d0f1b127f20a) Importer(815301076,1909f56bfc062723c751e8b465ee728b)
Start importing Assets/Sprites/Background/NES - Castlevania - Level 1 Entrance(1).png using Guid(1be75c80d66a45446ae2d0f1b127f20a) Importer(815301076,1909f56bfc062723c751e8b465ee728b)  -> (artifact id: 'c08799cc146cabc1c14508900cf83a93') in 0.044755 seconds 
  Import took 0.048721 seconds .

========================================================================
Received Import Request.
  Time since last request: 355.707423 seconds.
  path: Assets/Sprites/Misc/NES - Castlevania - Items & Objects(1).png
  artifactKey: Guid(e6176ef4d825ab54da8e4220e0e7f711) Importer(815301076,1909f56bfc062723c751e8b465ee728b)
Start importing Assets/Sprites/Misc/NES - Castlevania - Items & Objects(1).png using Guid(e6176ef4d825ab54da8e4220e0e7f711) Importer(815301076,1909f56bfc062723c751e8b465ee728b)  -> (artifact id: '6b6fa240bde6d59df895de7dc7137914') in 0.040614 seconds 
  Import took 0.046761 seconds .

========================================================================
Received Import Request.
  Time since last request: 12.319214 seconds.
  path: Assets/Sprites/Player/NES - Castlevania - Simon Belmont(1).png
  artifactKey: Guid(57f3eb7c4df3f0c49a0e680d8df1a06e) Importer(815301076,1909f56bfc062723c751e8b465ee728b)
Start importing Assets/Sprites/Player/NES - Castlevania - Simon Belmont(1).png using Guid(57f3eb7c4df3f0c49a0e680d8df1a06e) Importer(815301076,1909f56bfc062723c751e8b465ee728b)  -> (artifact id: 'ba0f0d41aa835677e6656d56cd90d15a') in 0.042609 seconds 
  Import took 0.046364 seconds .

========================================================================
Received Import Request.
  Time since last request: 13.832233 seconds.
  path: Assets/Sprites/Player/NES - Castlevania - Simon Belmont(1).png
  artifactKey: Guid(57f3eb7c4df3f0c49a0e680d8df1a06e) Importer(815301076,1909f56bfc062723c751e8b465ee728b)
Start importing Assets/Sprites/Player/NES - Castlevania - Simon Belmont(1).png using Guid(57f3eb7c4df3f0c49a0e680d8df1a06e) Importer(815301076,1909f56bfc062723c751e8b465ee728b)  -> (artifact id: '6058380fc50dc88c08bfc6f41818a09c') in 0.038571 seconds 
  Import took 0.043721 seconds .

========================================================================
Received Import Request.
  Time since last request: 493.075741 seconds.
  path: Assets/Sprites/Player/NES - Castlevania - Simon Belmont(1).png
  artifactKey: Guid(57f3eb7c4df3f0c49a0e680d8df1a06e) Importer(815301076,1909f56bfc062723c751e8b465ee728b)
Start importing Assets/Sprites/Player/NES - Castlevania - Simon Belmont(1).png using Guid(57f3eb7c4df3f0c49a0e680d8df1a06e) Importer(815301076,1909f56bfc062723c751e8b465ee728b)  -> (artifact id: '5c80e877d696d919e3a72048625fb207') in 1.368828 seconds 
  Import took 1.375010 seconds .

========================================================================
Received Import Request.
  Time since last request: 322.024249 seconds.
  path: Assets/Sprites/Player/NES - Castlevania - Simon Belmont(1).png
  artifactKey: Guid(57f3eb7c4df3f0c49a0e680d8df1a06e) Importer(815301076,1909f56bfc062723c751e8b465ee728b)
Start importing Assets/Sprites/Player/NES - Castlevania - Simon Belmont(1).png using Guid(57f3eb7c4df3f0c49a0e680d8df1a06e) Importer(815301076,1909f56bfc062723c751e8b465ee728b)  -> (artifact id: '9c6f3708a5b8069845485d80686048db') in 0.839394 seconds 
  Import took 0.845429 seconds .

========================================================================
Received Import Request.
  Time since last request: 171.331714 seconds.
  path: Assets/Sprites/Player/NES - Castlevania - Simon Belmont(1).png
  artifactKey: Guid(57f3eb7c4df3f0c49a0e680d8df1a06e) Importer(815301076,1909f56bfc062723c751e8b465ee728b)
Start importing Assets/Sprites/Player/NES - Castlevania - Simon Belmont(1).png using Guid(57f3eb7c4df3f0c49a0e680d8df1a06e) Importer(815301076,1909f56bfc062723c751e8b465ee728b)  -> (artifact id: '7b745311d1588e104d0a542024fff1c1') in 0.527535 seconds 
  Import took 0.533278 seconds .

========================================================================
Received Import Request.
  Time since last request: 137.746293 seconds.
  path: Assets/Sprites/Player/NES - Castlevania - Simon Belmont(1).png
  artifactKey: Guid(57f3eb7c4df3f0c49a0e680d8df1a06e) Importer(815301076,1909f56bfc062723c751e8b465ee728b)
Start importing Assets/Sprites/Player/NES - Castlevania - Simon Belmont(1).png using Guid(57f3eb7c4df3f0c49a0e680d8df1a06e) Importer(815301076,1909f56bfc062723c751e8b465ee728b)  -> (artifact id: '14b8c9011061d49f370ad504b083aac8') in 0.177371 seconds 
  Import took 0.182567 seconds .

========================================================================
Received Import Request.
  Time since last request: 106.778747 seconds.
  path: Assets/Sprites/Player/NES - Castlevania - Simon Belmont(1).png
  artifactKey: Guid(57f3eb7c4df3f0c49a0e680d8df1a06e) Importer(815301076,1909f56bfc062723c751e8b465ee728b)
Start importing Assets/Sprites/Player/NES - Castlevania - Simon Belmont(1).png using Guid(57f3eb7c4df3f0c49a0e680d8df1a06e) Importer(815301076,1909f56bfc062723c751e8b465ee728b)  -> (artifact id: '0fd4420d26e401688b0898216b3badd9') in 0.230380 seconds 
  Import took 0.234310 seconds .

========================================================================
Received Import Request.
  Time since last request: 17.590437 seconds.
  path: Assets/Sprites/Player/NES - Castlevania - Simon Belmont(1).png
  artifactKey: Guid(57f3eb7c4df3f0c49a0e680d8df1a06e) Importer(815301076,1909f56bfc062723c751e8b465ee728b)
Start importing Assets/Sprites/Player/NES - Castlevania - Simon Belmont(1).png using Guid(57f3eb7c4df3f0c49a0e680d8df1a06e) Importer(815301076,1909f56bfc062723c751e8b465ee728b)  -> (artifact id: 'bcbeddaf2b2de0a49642a02e253dd63e') in 0.172518 seconds 
  Import took 0.176494 seconds .

========================================================================
Received Import Request.
  Time since last request: 37.183106 seconds.
  path: Assets/Sprites/Player/NES - Castlevania - Simon Belmont(1).png
  artifactKey: Guid(57f3eb7c4df3f0c49a0e680d8df1a06e) Importer(815301076,1909f56bfc062723c751e8b465ee728b)
Start importing Assets/Sprites/Player/NES - Castlevania - Simon Belmont(1).png using Guid(57f3eb7c4df3f0c49a0e680d8df1a06e) Importer(815301076,1909f56bfc062723c751e8b465ee728b)  -> (artifact id: '4514a9e7270e798cf5e3bd72805ee64c') in 0.126122 seconds 
  Import took 0.129625 seconds .

========================================================================
Received Import Request.
  Time since last request: 50.017104 seconds.
  path: Assets/Sprites/Player/NES - Castlevania - Simon Belmont(1).png
  artifactKey: Guid(57f3eb7c4df3f0c49a0e680d8df1a06e) Importer(815301076,1909f56bfc062723c751e8b465ee728b)
Start importing Assets/Sprites/Player/NES - Castlevania - Simon Belmont(1).png using Guid(57f3eb7c4df3f0c49a0e680d8df1a06e) Importer(815301076,1909f56bfc062723c751e8b465ee728b)  -> (artifact id: '7121deb3a8b554a06714166e8d0794ed') in 0.122935 seconds 
  Import took 0.127681 seconds .

========================================================================
Received Import Request.
  Time since last request: 245.728104 seconds.
  path: Assets/Sprites/Background/NES - Castlevania - Level 1 Entrance(1).png
  artifactKey: Guid(1be75c80d66a45446ae2d0f1b127f20a) Importer(815301076,1909f56bfc062723c751e8b465ee728b)
Start importing Assets/Sprites/Background/NES - Castlevania - Level 1 Entrance(1).png using Guid(1be75c80d66a45446ae2d0f1b127f20a) Importer(815301076,1909f56bfc062723c751e8b465ee728b)  -> (artifact id: '7ce13860c997c0382a9a822cb1806ce4') in 0.049462 seconds 
  Import took 0.053585 seconds .

========================================================================
Received Import Request.
  Time since last request: 90.000331 seconds.
  path: Assets/Sprites/Background/NES - Castlevania - Level 1 Entrance(1).png
  artifactKey: Guid(1be75c80d66a45446ae2d0f1b127f20a) Importer(815301076,1909f56bfc062723c751e8b465ee728b)
Start importing Assets/Sprites/Background/NES - Castlevania - Level 1 Entrance(1).png using Guid(1be75c80d66a45446ae2d0f1b127f20a) Importer(815301076,1909f56bfc062723c751e8b465ee728b)  -> (artifact id: '008d89c8350cb8f15d7176e32444a4a0') in 0.046175 seconds 
  Import took 0.050305 seconds .

========================================================================
Received Import Request.
  Time since last request: 82.708880 seconds.
  path: Assets/Sprites/Misc/NES - Castlevania - Items & Objects(1).png
  artifactKey: Guid(e6176ef4d825ab54da8e4220e0e7f711) Importer(815301076,1909f56bfc062723c751e8b465ee728b)
Start importing Assets/Sprites/Misc/NES - Castlevania - Items & Objects(1).png using Guid(e6176ef4d825ab54da8e4220e0e7f711) Importer(815301076,1909f56bfc062723c751e8b465ee728b)  -> (artifact id: 'af524d1691710b518d511f14a3d751c2') in 0.035139 seconds 
  Import took 0.038959 seconds .

========================================================================
Received Import Request.
  Time since last request: 35.170809 seconds.
  path: Assets/Sprites/Misc/NES - Castlevania - Items & Objects(1).png
  artifactKey: Guid(e6176ef4d825ab54da8e4220e0e7f711) Importer(815301076,1909f56bfc062723c751e8b465ee728b)
Start importing Assets/Sprites/Misc/NES - Castlevania - Items & Objects(1).png using Guid(e6176ef4d825ab54da8e4220e0e7f711) Importer(815301076,1909f56bfc062723c751e8b465ee728b)  -> (artifact id: 'c62711489307b84a27908b92467fb417') in 0.162267 seconds 
  Import took 0.167110 seconds .

========================================================================
Received Import Request.
  Time since last request: 1621.031126 seconds.
  path: Assets/Sprites/Enemies/NES - Castlevania - Enemies(1).png
  artifactKey: Guid(fc55eae34eb89b541ba4b9dd84f173d2) Importer(815301076,1909f56bfc062723c751e8b465ee728b)
Start importing Assets/Sprites/Enemies/NES - Castlevania - Enemies(1).png using Guid(fc55eae34eb89b541ba4b9dd84f173d2) Importer(815301076,1909f56bfc062723c751e8b465ee728b)  -> (artifact id: 'e0b9218a9ad4ed08c5b0c500396fe719') in 0.045735 seconds 
  Import took 0.049806 seconds .

========================================================================
Received Import Request.
  Time since last request: 9.925353 seconds.
  path: Assets/Sprites/Enemies/NES - Castlevania - Enemies(1).png
  artifactKey: Guid(fc55eae34eb89b541ba4b9dd84f173d2) Importer(815301076,1909f56bfc062723c751e8b465ee728b)
Start importing Assets/Sprites/Enemies/NES - Castlevania - Enemies(1).png using Guid(fc55eae34eb89b541ba4b9dd84f173d2) Importer(815301076,1909f56bfc062723c751e8b465ee728b)  -> (artifact id: 'e0bd11a80c37e06f2aec7840ecb01de6') in 0.038559 seconds 
  Import took 0.042550 seconds .

========================================================================
Received Import Request.
  Time since last request: 148.093460 seconds.
  path: Assets/Sprites/Enemies/NES - Castlevania - Enemies(1).png
  artifactKey: Guid(fc55eae34eb89b541ba4b9dd84f173d2) Importer(815301076,1909f56bfc062723c751e8b465ee728b)
Start importing Assets/Sprites/Enemies/NES - Castlevania - Enemies(1).png using Guid(fc55eae34eb89b541ba4b9dd84f173d2) Importer(815301076,1909f56bfc062723c751e8b465ee728b)  -> (artifact id: 'fce629e55ddeb359e05258672e235a8a') in 0.059204 seconds 
  Import took 0.062606 seconds .

========================================================================
Received Import Request.
  Time since last request: 9.399880 seconds.
  path: Assets/Sprites/Enemies/NES - Castlevania - Bosses(1).png
  artifactKey: Guid(6f088c020725bbd4e8ecc120a09ab0d3) Importer(815301076,1909f56bfc062723c751e8b465ee728b)
Start importing Assets/Sprites/Enemies/NES - Castlevania - Bosses(1).png using Guid(6f088c020725bbd4e8ecc120a09ab0d3) Importer(815301076,1909f56bfc062723c751e8b465ee728b)  -> (artifact id: '505a035928d7afe27d897e4f0a2dcc1b') in 0.048738 seconds 
  Import took 0.052321 seconds .

========================================================================
Received Import Request.
  Time since last request: 15.302781 seconds.
  path: Assets/Sprites/Misc/NES - Castlevania - Items & Objects(1).png
  artifactKey: Guid(e6176ef4d825ab54da8e4220e0e7f711) Importer(815301076,1909f56bfc062723c751e8b465ee728b)
Start importing Assets/Sprites/Misc/NES - Castlevania - Items & Objects(1).png using Guid(e6176ef4d825ab54da8e4220e0e7f711) Importer(815301076,1909f56bfc062723c751e8b465ee728b)  -> (artifact id: '8ffb7617d6ea655759ef8e07fd62a588') in 0.144051 seconds 
  Import took 0.147036 seconds .

========================================================================
Received Import Request.
  Time since last request: 37.498244 seconds.
  path: Assets/Scenes/StartLevel.unity
  artifactKey: Guid(2cda990e2423bbf4892e6590ba056729) Importer(815301076,1909f56bfc062723c751e8b465ee728b)
Start importing Assets/Scenes/StartLevel.unity using Guid(2cda990e2423bbf4892e6590ba056729) Importer(815301076,1909f56bfc062723c751e8b465ee728b)  -> (artifact id: '730cbf7d39a9fd3c5715684aae11095a') in 0.028177 seconds 
  Import took 0.031462 seconds .

AssetImportWorkerClient::OnTransportError - code=2 error=End of file
